<?xml version="1.0" encoding="UTF-8"?>
<!-- Generated by org.testng.reporters.JUnitReportReporter -->
<testsuite hostname="DESKTOP-CSVPKHJ" failures="0" tests="1" name="pomTests.POMEbayProdCatSearchTest" time="19.915" errors="0" timestamp="2022-10-03T19:43:59 IST" skipped="0">
  <testcase classname="pomTests.POMEbayProdCatSearchTest" name="catSearch" time="19.915"/>
  <system-out>
    <![CDATA[Ebay Product Search in a cetegory Test is Successful...]]>
  </system-out>
</testsuite> <!-- pomTests.POMEbayProdCatSearchTest -->
