<?xml version="1.0" encoding="UTF-8"?>
<!-- Generated by org.testng.reporters.JUnitReportReporter -->
<testsuite hostname="DESKTOP-CSVPKHJ" failures="0" tests="2" name="ddfDemos.DDFEbayProdCatSearchTest" time="43.391" errors="0" timestamp="2022-10-12T19:35:07 IST" skipped="0">
  <testcase classname="ddfDemos.DDFEbayProdCatSearchTest" name="catSearch" time="19.891"/>
  <system-out>
    <![CDATA['Selenium WebDriver' Product Search in 'Books' Category Test is Successful...]]>
  </system-out>
  <testcase classname="ddfDemos.DDFEbayProdCatSearchTest" name="catSearch" time="23.500"/>
  <system-out>
    <![CDATA['English' Product Search in 'Music' Category Test is Successful...]]>
  </system-out>
</testsuite> <!-- ddfDemos.DDFEbayProdCatSearchTest -->
