<?xml version="1.0" encoding="UTF-8"?>
<!-- Generated by org.testng.reporters.JUnitReportReporter -->
<testsuite hostname="DESKTOP-CSVPKHJ" failures="0" tests="2" name="pomTests.DDFEbayProdCatSearchTest" time="158.183" errors="0" timestamp="2022-10-10T19:26:02 IST" skipped="0">
  <testcase classname="pomTests.DDFEbayProdCatSearchTest" name="catSearch" time="109.791"/>
  <system-out>
    <![CDATA['Selenium WebDriver' Product Search Test is Successful...]]>
  </system-out>
  <testcase classname="pomTests.DDFEbayProdCatSearchTest" name="catSearch" time="48.392"/>
  <system-out>
    <![CDATA['English' Product Search Test is Successful...]]>
  </system-out>
</testsuite> <!-- pomTests.DDFEbayProdCatSearchTest -->
