<?xml version="1.0" encoding="UTF-8"?>
<!-- Generated by org.testng.reporters.JUnitReportReporter -->
<testsuite hostname="DESKTOP-CSVPKHJ" failures="0" tests="2" name="ddfDemos.DDFEbayProdSearchTest" time="63.447" errors="0" timestamp="2022-10-12T19:31:11 IST" skipped="0">
  <testcase classname="ddfDemos.DDFEbayProdSearchTest" name="prodSearch" time="40.768"/>
  <system-out>
    <![CDATA['Selenium WebDriver' Product Search Test is Successful...]]>
  </system-out>
  <testcase classname="ddfDemos.DDFEbayProdSearchTest" name="prodSearch" time="22.679"/>
  <system-out>
    <![CDATA['English' Product Search Test is Successful...]]>
  </system-out>
</testsuite> <!-- ddfDemos.DDFEbayProdSearchTest -->
