<?xml version="1.0" encoding="UTF-8"?>
<!-- Generated by org.testng.reporters.JUnitReportReporter -->
<testsuite hostname="DESKTOP-CSVPKHJ" failures="0" tests="2" name="hybridDemos.HybridEbayProdCatSearchTest" time="52.057" errors="0" timestamp="2022-10-14T18:52:11 IST" skipped="0">
  <testcase classname="hybridDemos.HybridEbayProdCatSearchTest" name="catSearch" time="25.336"/>
  <system-out>
    <![CDATA['English' Product Search in 'Music' Category Test is Successful...]]>
  </system-out>
  <testcase classname="hybridDemos.HybridEbayProdCatSearchTest" name="catSearch" time="26.721"/>
  <system-out>
    <![CDATA['Selenium WebDriver' Product Search in 'Books' Category Test is Successful...]]>
  </system-out>
</testsuite> <!-- hybridDemos.HybridEbayProdCatSearchTest -->
