<?xml version="1.0" encoding="UTF-8"?>
<!-- Generated by org.testng.reporters.JUnitReportReporter -->
<testsuite hostname="DESKTOP-CSVPKHJ" failures="0" tests="2" name="hybridDemos.HybridEbayProdSearchTest" time="68.629" errors="0" timestamp="2022-10-14T18:49:19 IST" skipped="0">
  <testcase classname="hybridDemos.HybridEbayProdSearchTest" name="prodSearch" time="36.088"/>
  <system-out>
    <![CDATA['Selenium WebDriver' Product Search Test is Successful...]]>
  </system-out>
  <testcase classname="hybridDemos.HybridEbayProdSearchTest" name="prodSearch" time="32.541"/>
  <system-out>
    <![CDATA['English' Product Search Test is Successful...]]>
  </system-out>
</testsuite> <!-- hybridDemos.HybridEbayProdSearchTest -->
