<?xml version="1.0" encoding="UTF-8"?>
<!-- Generated by org.testng.reporters.JUnitReportReporter -->
<testsuite hostname="DESKTOP-CSVPKHJ" failures="0" tests="1" name="kwdfDemos.MyTest" time="42.851" errors="0" timestamp="2022-10-17T19:29:18 IST" skipped="0">
  <testcase classname="kwdfDemos.MyTest" name="SampleTest" time="42.851"/>
  <system-out/>
</testsuite> <!-- kwdfDemos.MyTest -->
