<?xml version="1.0" encoding="UTF-8"?>
<!-- Generated by org.testng.reporters.JUnitReportReporter -->
<testsuite hostname="DESKTOP-CSVPKHJ" failures="0" tests="1" name="pomTests.EbayProdSearchTest" time="62.709" errors="0" timestamp="2022-10-03T19:13:25 IST" skipped="0">
  <testcase classname="pomTests.EbayProdSearchTest" name="prodSearch" time="62.709"/>
  <system-out>
    <![CDATA[Ebay Product Search Test is Successful...]]>
  </system-out>
</testsuite> <!-- pomTests.EbayProdSearchTest -->
