<?xml version="1.0" encoding="UTF-8"?>
<!-- Generated by org.testng.reporters.JUnitReportReporter -->
<testsuite hostname="DESKTOP-CSVPKHJ" failures="0" tests="1" name="pomTests.EbayProdCatSearchTest" time="28.980" errors="0" timestamp="2022-10-03T19:16:57 IST" skipped="0">
  <testcase classname="pomTests.EbayProdCatSearchTest" name="catSearch" time="28.980"/>
  <system-out>
    <![CDATA[Ebay Product Search in a cetegory Test is Successful...]]>
  </system-out>
</testsuite> <!-- pomTests.EbayProdCatSearchTest -->
