<?xml version="1.0" encoding="UTF-8"?>
<!-- Generated by org.testng.reporters.JUnitReportReporter -->
<testsuite skipped="0" hostname="DESKTOP-CSVPKHJ" name="myDemos.MyTest" tests="1" failures="0" timestamp="2022-10-19T19:08:20 IST" time="22.513" errors="0">
  <testcase name="Search" time="22.513" classname="myDemos.MyTest"/>
  <system-out>
    <![CDATA[Ebay Product Search Test is Successful...]]>
  </system-out>
</testsuite> <!-- myDemos.MyTest -->
