<?xml version="1.0" encoding="UTF-8"?>
<!-- Generated by org.testng.reporters.JUnitReportReporter -->
<testsuite skipped="0" hostname="DESKTOP-CSVPKHJ" name="myDemos.AmazonTest" tests="1" failures="0" timestamp="2022-09-30T19:23:41 IST" time="55.928" errors="0">
  <testcase name="aSearch" time="55.928" classname="myDemos.AmazonTest"/>
  <system-out>
    <![CDATA[Amazon product search test is successful...]]>
  </system-out>
</testsuite> <!-- myDemos.AmazonTest -->
